<?xml version="1.0" encoding="UTF-8"?>
<testng-results skipped="0" failed="0" ignored="0" total="2" passed="2">
  <reporter-output>
  </reporter-output>
  <suite name="Suite" duration-ms="12669" started-at="2019-02-28T14:38:38Z" finished-at="2019-02-28T14:38:50Z">
    <groups>
    </groups>
    <test name="Test" duration-ms="12669" started-at="2019-02-28T14:38:38Z" finished-at="2019-02-28T14:38:50Z">
      <class name="RunnerClasses.CucumberRunnerClass">
        <test-method status="PASS" signature="setUPClass()[pri:0, instance:RunnerClasses.CucumberRunnerClass@13805618]" name="setUPClass" is-config="true" duration-ms="187" started-at="2019-02-28T14:38:38Z" finished-at="2019-02-28T14:38:38Z">
          <reporter-output>
          </reporter-output>
        </test-method> <!-- setUPClass -->
        <test-method status="PASS" signature="feature(cucumber.api.testng.PickleEventWrapper, cucumber.api.testng.CucumberFeatureWrapper)[pri:0, instance:RunnerClasses.CucumberRunnerClass@13805618]" name="feature" duration-ms="11732" started-at="2019-02-28T14:38:38Z" data-provider="features" finished-at="2019-02-28T14:38:50Z">
          <params>
            <param index="0">
              <value>
                <![CDATA["Title of your scenario"]]>
              </value>
            </param>
            <param index="1">
              <value>
                <![CDATA["Title of your feature"]]>
              </value>
            </param>
          </params>
          <reporter-output>
          </reporter-output>
        </test-method> <!-- feature -->
        <test-method status="PASS" signature="feature(cucumber.api.testng.PickleEventWrapper, cucumber.api.testng.CucumberFeatureWrapper)[pri:0, instance:RunnerClasses.CucumberRunnerClass@13805618]" name="feature" duration-ms="12294" started-at="2019-02-28T14:38:38Z" data-provider="features" finished-at="2019-02-28T14:38:50Z">
          <params>
            <param index="0">
              <value>
                <![CDATA["Title of your scenarios"]]>
              </value>
            </param>
            <param index="1">
              <value>
                <![CDATA["Title of your features"]]>
              </value>
            </param>
          </params>
          <reporter-output>
          </reporter-output>
        </test-method> <!-- feature -->
        <test-method status="PASS" signature="tearDownClass()[pri:0, instance:RunnerClasses.CucumberRunnerClass@13805618]" name="tearDownClass" is-config="true" duration-ms="47" started-at="2019-02-28T14:38:50Z" finished-at="2019-02-28T14:38:50Z">
          <reporter-output>
          </reporter-output>
        </test-method> <!-- tearDownClass -->
      </class> <!-- RunnerClasses.CucumberRunnerClass -->
    </test> <!-- Test -->
  </suite> <!-- Suite -->
</testng-results>
